<?xml version="1.0" encoding="utf-8"?>
<TestRun id="4d60779b-4080-4985-80be-8c6336e38e59" name="Rasmus@RASMUS-GAMING-P 2025-09-24 18:14:32" runUser="RASMUS-GAMING-P\Rasmus" xmlns="http://microsoft.com/schemas/VisualStudio/TeamTest/2010">
  <Times creation="2025-09-24T18:14:32.8720902+02:00" queuing="2025-09-24T18:14:32.8720909+02:00" start="2025-09-24T18:14:27.7832714+02:00" finish="2025-09-24T18:14:32.9114115+02:00" />
  <TestSettings name="default" id="6f371b78-1eff-451c-94c4-ef470e1bdef2">
    <Deployment runDeploymentRoot="Rasmus_RASMUS-GAMING-P_2025-09-24_18_14_32" />
  </TestSettings>
  <Results>
    <UnitTestResult executionId="67bbf905-f341-4b17-9685-f965090f453f" testId="ed4e022c-0d90-687a-74a3-b65687c36e55" testName="SunnySeat.Api.Tests.HealthCheckEndpointTests.HealthCheck_Headers_ShouldIncludeContentType" computerName="RASMUS-GAMING-P" duration="00:00:02.8799349" startTime="2025-09-24T18:14:32.8508166+02:00" endTime="2025-09-24T18:14:32.8508366+02:00" testType="13cdc9d9-ddb5-4fa4-a97d-d965ccfc6d4b" outcome="Passed" testListId="8c84fa94-04c1-424b-9868-57a2d4851a1d" relativeResultsDirectory="67bbf905-f341-4b17-9685-f965090f453f" />
    <UnitTestResult executionId="a5efb64d-6d7e-4e71-9cb7-0ae465daa803" testId="8bb31a1c-9c88-749a-6c8c-6481c1fd6be3" testName="SunnySeat.Api.Tests.HealthCheckEndpointTests.HealthCheck_WhenApiIsRunning_Returns200OK" computerName="RASMUS-GAMING-P" duration="00:00:00.0011365" startTime="2025-09-24T18:14:32.8605530+02:00" endTime="2025-09-24T18:14:32.8605530+02:00" testType="13cdc9d9-ddb5-4fa4-a97d-d965ccfc6d4b" outcome="Passed" testListId="8c84fa94-04c1-424b-9868-57a2d4851a1d" relativeResultsDirectory="a5efb64d-6d7e-4e71-9cb7-0ae465daa803" />
    <UnitTestResult executionId="529672f1-16d5-4145-aadd-51b388e5bebb" testId="778dd7e0-9479-bdf2-4602-162315d96171" testName="SunnySeat.Api.Tests.HealthCheckEndpointTests.HealthCheck_WhenCalledMultipleTimes_ShouldBeConsistent" computerName="RASMUS-GAMING-P" duration="00:00:00.0033079" startTime="2025-09-24T18:14:32.8599708+02:00" endTime="2025-09-24T18:14:32.8599709+02:00" testType="13cdc9d9-ddb5-4fa4-a97d-d965ccfc6d4b" outcome="Passed" testListId="8c84fa94-04c1-424b-9868-57a2d4851a1d" relativeResultsDirectory="529672f1-16d5-4145-aadd-51b388e5bebb" />
    <UnitTestResult executionId="5fdebf19-0679-4da5-b713-8d7dd412f860" testId="27805ee5-b838-62f2-4982-8b10d1dca496" testName="SunnySeat.Api.Tests.HealthCheckEndpointTests.HealthCheck_ResponseTime_ShouldBeLessThan100Milliseconds" computerName="RASMUS-GAMING-P" duration="00:00:00.0029979" startTime="2025-09-24T18:14:32.8604201+02:00" endTime="2025-09-24T18:14:32.8604202+02:00" testType="13cdc9d9-ddb5-4fa4-a97d-d965ccfc6d4b" outcome="Passed" testListId="8c84fa94-04c1-424b-9868-57a2d4851a1d" relativeResultsDirectory="5fdebf19-0679-4da5-b713-8d7dd412f860" />
  </Results>
  <TestDefinitions>
    <UnitTest name="SunnySeat.Api.Tests.HealthCheckEndpointTests.HealthCheck_WhenCalledMultipleTimes_ShouldBeConsistent" storage="d:\sunnyseat\src\backend\sunnyseat.api.tests\bin\debug\net8.0\sunnyseat.api.tests.dll" id="778dd7e0-9479-bdf2-4602-162315d96171">
      <Execution id="529672f1-16d5-4145-aadd-51b388e5bebb" />
      <TestMethod codeBase="D:\SunnySeat\src\backend\SunnySeat.Api.Tests\bin\Debug\net8.0\SunnySeat.Api.Tests.dll" adapterTypeName="executor://xunit/VsTestRunner2/netcoreapp" className="SunnySeat.Api.Tests.HealthCheckEndpointTests" name="HealthCheck_WhenCalledMultipleTimes_ShouldBeConsistent" />
    </UnitTest>
    <UnitTest name="SunnySeat.Api.Tests.HealthCheckEndpointTests.HealthCheck_WhenApiIsRunning_Returns200OK" storage="d:\sunnyseat\src\backend\sunnyseat.api.tests\bin\debug\net8.0\sunnyseat.api.tests.dll" id="8bb31a1c-9c88-749a-6c8c-6481c1fd6be3">
      <Execution id="a5efb64d-6d7e-4e71-9cb7-0ae465daa803" />
      <TestMethod codeBase="D:\SunnySeat\src\backend\SunnySeat.Api.Tests\bin\Debug\net8.0\SunnySeat.Api.Tests.dll" adapterTypeName="executor://xunit/VsTestRunner2/netcoreapp" className="SunnySeat.Api.Tests.HealthCheckEndpointTests" name="HealthCheck_WhenApiIsRunning_Returns200OK" />
    </UnitTest>
    <UnitTest name="SunnySeat.Api.Tests.HealthCheckEndpointTests.HealthCheck_ResponseTime_ShouldBeLessThan100Milliseconds" storage="d:\sunnyseat\src\backend\sunnyseat.api.tests\bin\debug\net8.0\sunnyseat.api.tests.dll" id="27805ee5-b838-62f2-4982-8b10d1dca496">
      <Execution id="5fdebf19-0679-4da5-b713-8d7dd412f860" />
      <TestMethod codeBase="D:\SunnySeat\src\backend\SunnySeat.Api.Tests\bin\Debug\net8.0\SunnySeat.Api.Tests.dll" adapterTypeName="executor://xunit/VsTestRunner2/netcoreapp" className="SunnySeat.Api.Tests.HealthCheckEndpointTests" name="HealthCheck_ResponseTime_ShouldBeLessThan100Milliseconds" />
    </UnitTest>
    <UnitTest name="SunnySeat.Api.Tests.HealthCheckEndpointTests.HealthCheck_Headers_ShouldIncludeContentType" storage="d:\sunnyseat\src\backend\sunnyseat.api.tests\bin\debug\net8.0\sunnyseat.api.tests.dll" id="ed4e022c-0d90-687a-74a3-b65687c36e55">
      <Execution id="67bbf905-f341-4b17-9685-f965090f453f" />
      <TestMethod codeBase="D:\SunnySeat\src\backend\SunnySeat.Api.Tests\bin\Debug\net8.0\SunnySeat.Api.Tests.dll" adapterTypeName="executor://xunit/VsTestRunner2/netcoreapp" className="SunnySeat.Api.Tests.HealthCheckEndpointTests" name="HealthCheck_Headers_ShouldIncludeContentType" />
    </UnitTest>
  </TestDefinitions>
  <TestEntries>
    <TestEntry testId="ed4e022c-0d90-687a-74a3-b65687c36e55" executionId="67bbf905-f341-4b17-9685-f965090f453f" testListId="8c84fa94-04c1-424b-9868-57a2d4851a1d" />
    <TestEntry testId="8bb31a1c-9c88-749a-6c8c-6481c1fd6be3" executionId="a5efb64d-6d7e-4e71-9cb7-0ae465daa803" testListId="8c84fa94-04c1-424b-9868-57a2d4851a1d" />
    <TestEntry testId="778dd7e0-9479-bdf2-4602-162315d96171" executionId="529672f1-16d5-4145-aadd-51b388e5bebb" testListId="8c84fa94-04c1-424b-9868-57a2d4851a1d" />
    <TestEntry testId="27805ee5-b838-62f2-4982-8b10d1dca496" executionId="5fdebf19-0679-4da5-b713-8d7dd412f860" testListId="8c84fa94-04c1-424b-9868-57a2d4851a1d" />
  </TestEntries>
  <TestLists>
    <TestList name="Results Not in a List" id="8c84fa94-04c1-424b-9868-57a2d4851a1d" />
    <TestList name="All Loaded Results" id="19431567-8539-422a-85d7-44ee4e166bda" />
  </TestLists>
  <ResultSummary outcome="Completed">
    <Counters total="4" executed="4" passed="4" failed="0" error="0" timeout="0" aborted="0" inconclusive="0" passedButRunAborted="0" notRunnable="0" notExecuted="0" disconnected="0" warning="0" completed="0" inProgress="0" pending="0" />
    <Output>
      <StdOut>[xUnit.net 00:00:00.00] xUnit.net VSTest Adapter v2.5.7+8f2703126a (64-bit .NET 8.0.9)&#xD;
[xUnit.net 00:00:00.66]   Discovering: SunnySeat.Api.Tests&#xD;
[xUnit.net 00:00:00.69]   Discovered:  SunnySeat.Api.Tests&#xD;
[xUnit.net 00:00:00.70]   Starting:    SunnySeat.Api.Tests&#xD;
warn: Microsoft.AspNetCore.HttpsPolicy.HttpsRedirectionMiddleware[3]&#xD;
      Failed to determine the https port for redirect.&#xD;
[xUnit.net 00:00:03.64]   Finished:    SunnySeat.Api.Tests&#xD;
</StdOut>
    </Output>
  </ResultSummary>
</TestRun>