<?xml version="1.0" encoding="utf-8"?>
<TestRun id="716d639c-b5cd-45da-8185-743ec61b9cee" name="Rasmus@RASMUS-GAMING-P 2025-09-24 18:14:29" runUser="RASMUS-GAMING-P\Rasmus" xmlns="http://microsoft.com/schemas/VisualStudio/TeamTest/2010">
  <Times creation="2025-09-24T18:14:29.7465901+02:00" queuing="2025-09-24T18:14:29.7465905+02:00" start="2025-09-24T18:14:27.1276191+02:00" finish="2025-09-24T18:14:29.7509816+02:00" />
  <TestSettings name="default" id="7a7dec34-1834-4d32-9b72-12b25201991a">
    <Deployment runDeploymentRoot="Rasmus_RASMUS-GAMING-P_2025-09-24_18_14_29" />
  </TestSettings>
  <Results>
    <UnitTestResult executionId="d2ea0f85-e4cc-4ba8-ad30-fcdfc4ca8484" testId="22336f4b-ff4b-bb8b-df0a-044a440817b3" testName="SunnySeat.Core.Tests.CoreBusinessLogicTests.SwedishCities_Coordinates_ShouldBeValid(cityName: &quot;Malmö&quot;, latitude: 55,604999999999997, longitude: 13,0038)" computerName="RASMUS-GAMING-P" duration="00:00:00.0009819" startTime="2025-09-24T18:14:29.6111894+02:00" endTime="2025-09-24T18:14:29.6111894+02:00" testType="13cdc9d9-ddb5-4fa4-a97d-d965ccfc6d4b" outcome="Passed" testListId="8c84fa94-04c1-424b-9868-57a2d4851a1d" relativeResultsDirectory="d2ea0f85-e4cc-4ba8-ad30-fcdfc4ca8484" />
    <UnitTestResult executionId="d5a7617a-eba4-405a-83fe-50b84269375e" testId="c964e7cd-b5f1-e425-86a1-09d35c20fd6e" testName="SunnySeat.Core.Tests.CoreBusinessLogicTests.DateTime_UtcNow_ShouldBeReasonable" computerName="RASMUS-GAMING-P" duration="00:00:00.1138913" startTime="2025-09-24T18:14:29.6088741+02:00" endTime="2025-09-24T18:14:29.6088923+02:00" testType="13cdc9d9-ddb5-4fa4-a97d-d965ccfc6d4b" outcome="Passed" testListId="8c84fa94-04c1-424b-9868-57a2d4851a1d" relativeResultsDirectory="d5a7617a-eba4-405a-83fe-50b84269375e" />
    <UnitTestResult executionId="2b1c0f83-7aff-4acc-b116-f09cc8ea1eeb" testId="fc1e81d9-0b27-99a2-2213-74a6992b7d1e" testName="SunnySeat.Core.Tests.CoreBusinessLogicTests.SwedishCities_Coordinates_ShouldBeValid(cityName: &quot;Gothenburg&quot;, latitude: 57,7089, longitude: 11,974600000000001)" computerName="RASMUS-GAMING-P" duration="00:00:00.0002280" startTime="2025-09-24T18:14:29.6116469+02:00" endTime="2025-09-24T18:14:29.6116470+02:00" testType="13cdc9d9-ddb5-4fa4-a97d-d965ccfc6d4b" outcome="Passed" testListId="8c84fa94-04c1-424b-9868-57a2d4851a1d" relativeResultsDirectory="2b1c0f83-7aff-4acc-b116-f09cc8ea1eeb" />
    <UnitTestResult executionId="e1a657c6-f072-4590-a2a0-f921954e51ab" testId="42b83a04-477d-1db4-726c-4d39798c0878" testName="SunnySeat.Core.Tests.CoreBusinessLogicTests.CoreAssembly_ShouldLoad_Successfully" computerName="RASMUS-GAMING-P" duration="00:00:00.0348671" startTime="2025-09-24T18:14:29.6447098+02:00" endTime="2025-09-24T18:14:29.6447102+02:00" testType="13cdc9d9-ddb5-4fa4-a97d-d965ccfc6d4b" outcome="Passed" testListId="8c84fa94-04c1-424b-9868-57a2d4851a1d" relativeResultsDirectory="e1a657c6-f072-4590-a2a0-f921954e51ab" />
    <UnitTestResult executionId="b122defd-f0e0-4373-98d2-e42e77957a8a" testId="a27b7809-c32d-6dc6-790a-d63894a98925" testName="SunnySeat.Core.Tests.CoreBusinessLogicTests.SwedishCities_Coordinates_ShouldBeValid(cityName: &quot;Stockholm&quot;, latitude: 59,329300000000003, longitude: 18,0686)" computerName="RASMUS-GAMING-P" duration="00:00:00.0000065" startTime="2025-09-24T18:14:29.6117054+02:00" endTime="2025-09-24T18:14:29.6117054+02:00" testType="13cdc9d9-ddb5-4fa4-a97d-d965ccfc6d4b" outcome="Passed" testListId="8c84fa94-04c1-424b-9868-57a2d4851a1d" relativeResultsDirectory="b122defd-f0e0-4373-98d2-e42e77957a8a" />
  </Results>
  <TestDefinitions>
    <UnitTest name="SunnySeat.Core.Tests.CoreBusinessLogicTests.DateTime_UtcNow_ShouldBeReasonable" storage="d:\sunnyseat\src\backend\sunnyseat.core.tests\bin\debug\net8.0\sunnyseat.core.tests.dll" id="c964e7cd-b5f1-e425-86a1-09d35c20fd6e">
      <Execution id="d5a7617a-eba4-405a-83fe-50b84269375e" />
      <TestMethod codeBase="D:\SunnySeat\src\backend\SunnySeat.Core.Tests\bin\Debug\net8.0\SunnySeat.Core.Tests.dll" adapterTypeName="executor://xunit/VsTestRunner2/netcoreapp" className="SunnySeat.Core.Tests.CoreBusinessLogicTests" name="DateTime_UtcNow_ShouldBeReasonable" />
    </UnitTest>
    <UnitTest name="SunnySeat.Core.Tests.CoreBusinessLogicTests.SwedishCities_Coordinates_ShouldBeValid(cityName: &quot;Gothenburg&quot;, latitude: 57,7089, longitude: 11,974600000000001)" storage="d:\sunnyseat\src\backend\sunnyseat.core.tests\bin\debug\net8.0\sunnyseat.core.tests.dll" id="fc1e81d9-0b27-99a2-2213-74a6992b7d1e">
      <Execution id="2b1c0f83-7aff-4acc-b116-f09cc8ea1eeb" />
      <TestMethod codeBase="D:\SunnySeat\src\backend\SunnySeat.Core.Tests\bin\Debug\net8.0\SunnySeat.Core.Tests.dll" adapterTypeName="executor://xunit/VsTestRunner2/netcoreapp" className="SunnySeat.Core.Tests.CoreBusinessLogicTests" name="SwedishCities_Coordinates_ShouldBeValid" />
    </UnitTest>
    <UnitTest name="SunnySeat.Core.Tests.CoreBusinessLogicTests.CoreAssembly_ShouldLoad_Successfully" storage="d:\sunnyseat\src\backend\sunnyseat.core.tests\bin\debug\net8.0\sunnyseat.core.tests.dll" id="42b83a04-477d-1db4-726c-4d39798c0878">
      <Execution id="e1a657c6-f072-4590-a2a0-f921954e51ab" />
      <TestMethod codeBase="D:\SunnySeat\src\backend\SunnySeat.Core.Tests\bin\Debug\net8.0\SunnySeat.Core.Tests.dll" adapterTypeName="executor://xunit/VsTestRunner2/netcoreapp" className="SunnySeat.Core.Tests.CoreBusinessLogicTests" name="CoreAssembly_ShouldLoad_Successfully" />
    </UnitTest>
    <UnitTest name="SunnySeat.Core.Tests.CoreBusinessLogicTests.SwedishCities_Coordinates_ShouldBeValid(cityName: &quot;Stockholm&quot;, latitude: 59,329300000000003, longitude: 18,0686)" storage="d:\sunnyseat\src\backend\sunnyseat.core.tests\bin\debug\net8.0\sunnyseat.core.tests.dll" id="a27b7809-c32d-6dc6-790a-d63894a98925">
      <Execution id="b122defd-f0e0-4373-98d2-e42e77957a8a" />
      <TestMethod codeBase="D:\SunnySeat\src\backend\SunnySeat.Core.Tests\bin\Debug\net8.0\SunnySeat.Core.Tests.dll" adapterTypeName="executor://xunit/VsTestRunner2/netcoreapp" className="SunnySeat.Core.Tests.CoreBusinessLogicTests" name="SwedishCities_Coordinates_ShouldBeValid" />
    </UnitTest>
    <UnitTest name="SunnySeat.Core.Tests.CoreBusinessLogicTests.SwedishCities_Coordinates_ShouldBeValid(cityName: &quot;Malmö&quot;, latitude: 55,604999999999997, longitude: 13,0038)" storage="d:\sunnyseat\src\backend\sunnyseat.core.tests\bin\debug\net8.0\sunnyseat.core.tests.dll" id="22336f4b-ff4b-bb8b-df0a-044a440817b3">
      <Execution id="d2ea0f85-e4cc-4ba8-ad30-fcdfc4ca8484" />
      <TestMethod codeBase="D:\SunnySeat\src\backend\SunnySeat.Core.Tests\bin\Debug\net8.0\SunnySeat.Core.Tests.dll" adapterTypeName="executor://xunit/VsTestRunner2/netcoreapp" className="SunnySeat.Core.Tests.CoreBusinessLogicTests" name="SwedishCities_Coordinates_ShouldBeValid" />
    </UnitTest>
  </TestDefinitions>
  <TestEntries>
    <TestEntry testId="22336f4b-ff4b-bb8b-df0a-044a440817b3" executionId="d2ea0f85-e4cc-4ba8-ad30-fcdfc4ca8484" testListId="8c84fa94-04c1-424b-9868-57a2d4851a1d" />
    <TestEntry testId="c964e7cd-b5f1-e425-86a1-09d35c20fd6e" executionId="d5a7617a-eba4-405a-83fe-50b84269375e" testListId="8c84fa94-04c1-424b-9868-57a2d4851a1d" />
    <TestEntry testId="fc1e81d9-0b27-99a2-2213-74a6992b7d1e" executionId="2b1c0f83-7aff-4acc-b116-f09cc8ea1eeb" testListId="8c84fa94-04c1-424b-9868-57a2d4851a1d" />
    <TestEntry testId="42b83a04-477d-1db4-726c-4d39798c0878" executionId="e1a657c6-f072-4590-a2a0-f921954e51ab" testListId="8c84fa94-04c1-424b-9868-57a2d4851a1d" />
    <TestEntry testId="a27b7809-c32d-6dc6-790a-d63894a98925" executionId="b122defd-f0e0-4373-98d2-e42e77957a8a" testListId="8c84fa94-04c1-424b-9868-57a2d4851a1d" />
  </TestEntries>
  <TestLists>
    <TestList name="Results Not in a List" id="8c84fa94-04c1-424b-9868-57a2d4851a1d" />
    <TestList name="All Loaded Results" id="19431567-8539-422a-85d7-44ee4e166bda" />
  </TestLists>
  <ResultSummary outcome="Completed">
    <Counters total="5" executed="5" passed="5" failed="0" error="0" timeout="0" aborted="0" inconclusive="0" passedButRunAborted="0" notRunnable="0" notExecuted="0" disconnected="0" warning="0" completed="0" inProgress="0" pending="0" />
    <Output>
      <StdOut>[xUnit.net 00:00:00.00] xUnit.net VSTest Adapter v2.5.7+8f2703126a (64-bit .NET 8.0.9)&#xD;
[xUnit.net 00:00:00.48]   Discovering: SunnySeat.Core.Tests&#xD;
[xUnit.net 00:00:00.53]   Discovered:  SunnySeat.Core.Tests&#xD;
[xUnit.net 00:00:00.54]   Starting:    SunnySeat.Core.Tests&#xD;
[xUnit.net 00:00:00.73]   Finished:    SunnySeat.Core.Tests&#xD;
</StdOut>
    </Output>
  </ResultSummary>
</TestRun>